<?xml version="1.0" encoding="UTF-8"?>
<testsuite name="com.example.DigitalGameNomad.DigitalGameNomadApplicationTests" tests="1" skipped="0" failures="0" errors="0" timestamp="2022-03-27T15:18:00" hostname="fullstack02001" time="0.102">
  <properties/>
  <testcase name="contextLoads()" classname="com.example.DigitalGameNomad.DigitalGameNomadApplicationTests" time="0.102"/>
  <system-out><![CDATA[00:17:54.069 [Test worker] DEBUG org.springframework.test.context.BootstrapUtils - Instantiating CacheAwareContextLoaderDelegate from class [org.springframework.test.context.cache.DefaultCacheAwareContextLoaderDelegate]
00:17:54.078 [Test worker] DEBUG org.springframework.test.context.BootstrapUtils - Instantiating BootstrapContext using constructor [public org.springframework.test.context.support.DefaultBootstrapContext(java.lang.Class,org.springframework.test.context.CacheAwareContextLoaderDelegate)]
00:17:54.130 [Test worker] DEBUG org.springframework.test.context.BootstrapUtils - Instantiating TestContextBootstrapper for test class [com.example.DigitalGameNomad.DigitalGameNomadApplicationTests] from class [org.springframework.boot.test.context.SpringBootTestContextBootstrapper]
00:17:54.149 [Test worker] INFO org.springframework.boot.test.context.SpringBootTestContextBootstrapper - Neither @ContextConfiguration nor @ContextHierarchy found for test class [com.example.DigitalGameNomad.DigitalGameNomadApplicationTests], using SpringBootContextLoader
00:17:54.152 [Test worker] DEBUG org.springframework.test.context.support.AbstractContextLoader - Did not detect default resource location for test class [com.example.DigitalGameNomad.DigitalGameNomadApplicationTests]: class path resource [com/example/DigitalGameNomad/DigitalGameNomadApplicationTests-context.xml] does not exist
00:17:54.153 [Test worker] DEBUG org.springframework.test.context.support.AbstractContextLoader - Did not detect default resource location for test class [com.example.DigitalGameNomad.DigitalGameNomadApplicationTests]: class path resource [com/example/DigitalGameNomad/DigitalGameNomadApplicationTestsContext.groovy] does not exist
00:17:54.153 [Test worker] INFO org.springframework.test.context.support.AbstractContextLoader - Could not detect default resource locations for test class [com.example.DigitalGameNomad.DigitalGameNomadApplicationTests]: no resource found for suffixes {-context.xml, Context.groovy}.
00:17:54.154 [Test worker] INFO org.springframework.test.context.support.AnnotationConfigContextLoaderUtils - Could not detect default configuration classes for test class [com.example.DigitalGameNomad.DigitalGameNomadApplicationTests]: DigitalGameNomadApplicationTests does not declare any static, non-private, non-final, nested classes annotated with @Configuration.
00:17:54.253 [Test worker] DEBUG org.springframework.test.context.support.ActiveProfilesUtils - Could not find an 'annotation declaring class' for annotation type [org.springframework.test.context.ActiveProfiles] and class [com.example.DigitalGameNomad.DigitalGameNomadApplicationTests]
00:17:54.355 [Test worker] DEBUG org.springframework.context.annotation.ClassPathScanningCandidateComponentProvider - Identified candidate component class: file [/home/Spring/build/classes/java/main/com/example/DigitalGameNomad/DigitalGameNomadApplication.class]
00:17:54.365 [Test worker] INFO org.springframework.boot.test.context.SpringBootTestContextBootstrapper - Found @SpringBootConfiguration com.example.DigitalGameNomad.DigitalGameNomadApplication for test class com.example.DigitalGameNomad.DigitalGameNomadApplicationTests
00:17:54.496 [Test worker] DEBUG org.springframework.boot.test.context.SpringBootTestContextBootstrapper - @TestExecutionListeners is not present for class [com.example.DigitalGameNomad.DigitalGameNomadApplicationTests]: using defaults.
00:17:54.496 [Test worker] INFO org.springframework.boot.test.context.SpringBootTestContextBootstrapper - Loaded default TestExecutionListener class names from location [META-INF/spring.factories]: [org.springframework.boot.test.autoconfigure.restdocs.RestDocsTestExecutionListener, org.springframework.boot.test.autoconfigure.web.client.MockRestServiceServerResetTestExecutionListener, org.springframework.boot.test.autoconfigure.web.servlet.MockMvcPrintOnlyOnFailureTestExecutionListener, org.springframework.boot.test.autoconfigure.web.servlet.WebDriverTestExecutionListener, org.springframework.boot.test.autoconfigure.webservices.client.MockWebServiceServerTestExecutionListener, org.springframework.boot.test.mock.mockito.MockitoTestExecutionListener, org.springframework.boot.test.mock.mockito.ResetMocksTestExecutionListener, org.springframework.test.context.web.ServletTestExecutionListener, org.springframework.test.context.support.DirtiesContextBeforeModesTestExecutionListener, org.springframework.test.context.event.ApplicationEventsTestExecutionListener, org.springframework.test.context.support.DependencyInjectionTestExecutionListener, org.springframework.test.context.support.DirtiesContextTestExecutionListener, org.springframework.test.context.transaction.TransactionalTestExecutionListener, org.springframework.test.context.jdbc.SqlScriptsTestExecutionListener, org.springframework.test.context.event.EventPublishingTestExecutionListener]
00:17:54.528 [Test worker] INFO org.springframework.boot.test.context.SpringBootTestContextBootstrapper - Using TestExecutionListeners: [org.springframework.test.context.web.ServletTestExecutionListener@f27ea3, org.springframework.test.context.support.DirtiesContextBeforeModesTestExecutionListener@1ce61929, org.springframework.test.context.event.ApplicationEventsTestExecutionListener@346939bf, org.springframework.boot.test.mock.mockito.MockitoTestExecutionListener@4bf3798b, org.springframework.boot.test.autoconfigure.SpringBootDependencyInjectionTestExecutionListener@58670130, org.springframework.test.context.support.DirtiesContextTestExecutionListener@74e47444, org.springframework.test.context.transaction.TransactionalTestExecutionListener@9bd0fa6, org.springframework.test.context.jdbc.SqlScriptsTestExecutionListener@59d2103b, org.springframework.test.context.event.EventPublishingTestExecutionListener@39dcf4b0, org.springframework.boot.test.autoconfigure.restdocs.RestDocsTestExecutionListener@6e4de19b, org.springframework.boot.test.autoconfigure.web.client.MockRestServiceServerResetTestExecutionListener@f6c03cb, org.springframework.boot.test.autoconfigure.web.servlet.MockMvcPrintOnlyOnFailureTestExecutionListener@46f699d5, org.springframework.boot.test.autoconfigure.web.servlet.WebDriverTestExecutionListener@18518ccf, org.springframework.boot.test.autoconfigure.webservices.client.MockWebServiceServerTestExecutionListener@1991f767, org.springframework.boot.test.mock.mockito.ResetMocksTestExecutionListener@768ccdc5]
00:17:54.531 [Test worker] DEBUG org.springframework.test.context.support.AbstractDirtiesContextTestExecutionListener - Before test class: context [DefaultTestContext@4ae33a11 testClass = DigitalGameNomadApplicationTests, testInstance = [null], testMethod = [null], testException = [null], mergedContextConfiguration = [WebMergedContextConfiguration@7a48e6e2 testClass = DigitalGameNomadApplicationTests, locations = '{}', classes = '{class com.example.DigitalGameNomad.DigitalGameNomadApplication}', contextInitializerClasses = '[]', activeProfiles = '{}', propertySourceLocations = '{}', propertySourceProperties = '{org.springframework.boot.test.context.SpringBootTestContextBootstrapper=true}', contextCustomizers = set[org.springframework.boot.test.autoconfigure.actuate.metrics.MetricsExportContextCustomizerFactory$DisableMetricExportContextCustomizer@7164ca4c, org.springframework.boot.test.autoconfigure.properties.PropertyMappingContextCustomizer@0, org.springframework.boot.test.autoconfigure.web.servlet.WebDriverContextCustomizerFactory$Customizer@5c2375a9, org.springframework.boot.test.context.filter.ExcludeFilterContextCustomizer@492691d7, org.springframework.boot.test.json.DuplicateJsonObjectContextCustomizerFactory$DuplicateJsonObjectContextCustomizer@8576fa0, org.springframework.boot.test.mock.mockito.MockitoContextCustomizer@0, org.springframework.boot.test.web.client.TestRestTemplateContextCustomizer@4ae9cfc1, org.springframework.boot.test.context.SpringBootTestArgs@1, org.springframework.boot.test.context.SpringBootTestWebEnvironment@38e79ae3], resourceBasePath = 'src/main/webapp', contextLoader = 'org.springframework.boot.test.context.SpringBootContextLoader', parent = [null]], attributes = map['org.springframework.test.context.web.ServletTestExecutionListener.activateListener' -> true]], class annotated with @DirtiesContext [false] with mode [null].

  .   ____          _            __ _ _
 /\\ / ___'_ __ _ _(_)_ __  __ _ \ \ \ \
( ( )\___ | '_ | '_| | '_ \/ _` | \ \ \ \
 \\/  ___)| |_)| | | | | || (_| |  ) ) ) )
  '  |____| .__|_| |_|_| |_\__, | / / / /
 =========|_|==============|___/=/_/_/_/
 :: Spring Boot ::                (v2.6.4)

2022-03-28 00:17:55.008  INFO 127406 --- [    Test worker] c.e.D.DigitalGameNomadApplicationTests   : Starting DigitalGameNomadApplicationTests using Java 11.0.14 on fullstack02001 with PID 127406 (started by root in /home/Spring)
2022-03-28 00:17:55.009  INFO 127406 --- [    Test worker] c.e.D.DigitalGameNomadApplicationTests   : No active profile set, falling back to 1 default profile: "default"
2022-03-28 00:17:55.958  INFO 127406 --- [    Test worker] .s.d.r.c.RepositoryConfigurationDelegate : Bootstrapping Spring Data JPA repositories in DEFAULT mode.
2022-03-28 00:17:56.020  INFO 127406 --- [    Test worker] .s.d.r.c.RepositoryConfigurationDelegate : Finished Spring Data repository scanning in 54 ms. Found 7 JPA repository interfaces.
2022-03-28 00:17:56.157  WARN 127406 --- [    Test worker] o.m.s.mapper.ClassPathMapperScanner      : No MyBatis mapper was found in '[com.example.DigitalGameNomad]' package. Please check your configuration.
2022-03-28 00:17:56.742  INFO 127406 --- [    Test worker] o.hibernate.jpa.internal.util.LogHelper  : HHH000204: Processing PersistenceUnitInfo [name: default]
2022-03-28 00:17:56.791  INFO 127406 --- [    Test worker] org.hibernate.Version                    : HHH000412: Hibernate ORM core version 5.6.5.Final
2022-03-28 00:17:56.958  INFO 127406 --- [    Test worker] o.hibernate.annotations.common.Version   : HCANN000001: Hibernate Commons Annotations {5.1.2.Final}
2022-03-28 00:17:57.053  INFO 127406 --- [    Test worker] com.zaxxer.hikari.HikariDataSource       : HikariPool-1 - Starting...
2022-03-28 00:17:57.253  INFO 127406 --- [    Test worker] com.zaxxer.hikari.HikariDataSource       : HikariPool-1 - Start completed.
2022-03-28 00:17:57.280  INFO 127406 --- [    Test worker] org.hibernate.dialect.Dialect            : HHH000400: Using dialect: org.hibernate.dialect.MySQL57Dialect
2022-03-28 00:17:58.000  INFO 127406 --- [    Test worker] o.h.e.t.j.p.i.JtaPlatformInitiator       : HHH000490: Using JtaPlatform implementation: [org.hibernate.engine.transaction.jta.platform.internal.NoJtaPlatform]
2022-03-28 00:17:58.008  INFO 127406 --- [    Test worker] j.LocalContainerEntityManagerFactoryBean : Initialized JPA EntityManagerFactory for persistence unit 'default'
2022-03-28 00:17:58.834  WARN 127406 --- [    Test worker] JpaBaseConfiguration$JpaWebConfiguration : spring.jpa.open-in-view is enabled by default. Therefore, database queries may be performed during view rendering. Explicitly configure spring.jpa.open-in-view to disable this warning
2022-03-28 00:17:58.959  INFO 127406 --- [    Test worker] .s.s.UserDetailsServiceAutoConfiguration : 

Using generated security password: c5c5e348-a634-42d6-a006-7eaf69128b8f

2022-03-28 00:17:59.117  INFO 127406 --- [    Test worker] o.s.s.web.DefaultSecurityFilterChain     : Will not secure any request
2022-03-28 00:17:59.654  INFO 127406 --- [    Test worker] o.s.b.a.w.s.WelcomePageHandlerMapping    : Adding welcome page template: index
2022-03-28 00:18:00.099  INFO 127406 --- [    Test worker] c.e.D.DigitalGameNomadApplicationTests   : Started DigitalGameNomadApplicationTests in 5.509 seconds (JVM running for 6.916)
]]></system-out>
  <system-err><![CDATA[]]></system-err>
</testsuite>
